::ffff:127.0.0.1 - POST /apiPc/user/login HTTP/1.1 200 37 - 208.135 ms
::ffff:127.0.0.1 - POST /apiPc/user/login HTTP/1.1 200 40 - 40.225 ms
::ffff:127.0.0.1 - POST /apiPc/user/login HTTP/1.1 200 40 - 19.865 ms
::ffff:127.0.0.1 - POST /apiPc/user/login HTTP/1.1 200 40 - 18.859 ms
::ffff:127.0.0.1 - POST /apiPc/user/login HTTP/1.1 200 40 - 3.714 ms
::ffff:127.0.0.1 - POST /apiPc/user/login HTTP/1.1 200 40 - 3.650 ms
::ffff:127.0.0.1 - POST /apiPc/user/login HTTP/1.1 200 37 - 11.391 ms
::ffff:127.0.0.1 - POST /apiPc/user/login HTTP/1.1 200 40 - 11.710 ms
::ffff:127.0.0.1 - POST /apiPc/user/login HTTP/1.1 200 40 - 4.237 ms
::ffff:127.0.0.1 - POST /apiPc/user/login HTTP/1.1 200 40 - 36.479 ms
::1 - GET /apiPc/shop/create HTTP/1.1 404 1278 - 22.830 ms
::1 - POST /apiPc/shop/create HTTP/1.1 200 49 - 222.161 ms
::1 - GET /apiPc/shop/list HTTP/1.1 200 184 - 18.752 ms
::1 - POST /apiPc/shop/update HTTP/1.1 200 49 - 69.678 ms
::1 - POST /apiPc/shop/update HTTP/1.1 200 49 - 35.476 ms
::1 - POST /apiPc/shop/update HTTP/1.1 200 49 - 32.118 ms
::1 - POST /apiPc/shop/update HTTP/1.1 200 49 - 40.783 ms
::1 - POST /apiPc/shop/update HTTP/1.1 200 49 - 53.570 ms
::1 - POST /apiPc/shop/update HTTP/1.1 200 49 - 307.985 ms
::1 - POST /apiPc/shop/update HTTP/1.1 200 49 - 165.534 ms
::1 - POST /apiPc/shop/update HTTP/1.1 200 49 - 130.779 ms
::1 - GET /apiPc/shop/delete?id=1 HTTP/1.1 404 1278 - 12.513 ms
::1 - GET /apiPc/shop/delete?id=1 HTTP/1.1 404 1278 - 11.109 ms
::1 - GET /apiPc/shop/delete?id=1 HTTP/1.1 404 1278 - 10.499 ms
::1 - GET /apiPc/shop/delete?id=1 HTTP/1.1 500 1334 - 8.077 ms
::1 - GET /apiPc/shop/delete?id=1 HTTP/1.1 500 1334 - 14.144 ms
::1 - GET /apiPc/shop/delete?id=1 HTTP/1.1 500 1334 - 8.743 ms
::1 - GET /apiPc/shop/delete?id=1 HTTP/1.1 500 1334 - 6.490 ms
::1 - GET /apiPc/shop/delete?id=1 HTTP/1.1 200 49 - 11.681 ms
::1 - POST /apiPc/shop/create HTTP/1.1 200 49 - 94.749 ms
::1 - GET /apiPc/shop/list HTTP/1.1 200 184 - 23.502 ms
::1 - GET /apiPc/shop/list HTTP/1.1 200 184 - 31.585 ms
::1 - GET /apiPc/shop/list HTTP/1.1 200 184 - 16.323 ms
::1 - GET /apiPc/shop/list HTTP/1.1 200 184 - 2.363 ms
::1 - POST /apiPc/user/login HTTP/1.1 200 40 - 25.167 ms
::1 - GET /apiPc/user/list HTTP/1.1 200 345 - 5.194 ms
::1 - GET /apiPc/shop/list HTTP/1.1 200 184 - 2.639 ms
::1 - GET /apiPc/shop/list HTTP/1.1 200 184 - 3.131 ms
::1 - POST /apiPc/user/create HTTP/1.1 200 49 - 162.706 ms
::1 - POST /apiPc/user/create HTTP/1.1 200 49 - 163.629 ms
::1 - POST /apiPc/user/login HTTP/1.1 200 40 - 272.181 ms
::1 - GET /apiPc/user/list HTTP/1.1 200 673 - 7.186 ms
::1 - GET /apiPc/task/create HTTP/1.1 404 1128 - 22.624 ms
::1 - POST /apiPc/task/create HTTP/1.1 200 43 - 50.407 ms
::1 - POST /apiPc/task/create HTTP/1.1 200 43 - 48.748 ms
::1 - POST /apiPc/task/create HTTP/1.1 200 43 - 41.726 ms
::1 - POST /apiPc/task/create HTTP/1.1 200 43 - 33.629 ms
::1 - POST /apiPc/task/create HTTP/1.1 200 43 - 5.226 ms
::1 - POST /apiPc/task/create HTTP/1.1 200 43 - 34.084 ms
::1 - POST /apiPc/task/create HTTP/1.1 200 43 - 112.151 ms
::1 - POST /apiPc/task/create HTTP/1.1 200 43 - 32.188 ms
::1 - POST /apiPc/task/create HTTP/1.1 200 43 - 48.474 ms
::1 - POST /apiPc/task/create HTTP/1.1 200 43 - 152.506 ms
::1 - POST /apiPc/task/create HTTP/1.1 200 43 - 123.058 ms
::1 - POST /apiPc/task/create HTTP/1.1 200 43 - 42.016 ms
::1 - POST /apiPc/task/create HTTP/1.1 200 43 - 189.162 ms
::1 - POST /apiPc/task/create HTTP/1.1 200 43 - 176.590 ms
::1 - POST /apiPc/task/create HTTP/1.1 200 43 - 142.893 ms
::1 - POST /apiPc/task/create HTTP/1.1 200 43 - 55.911 ms
::1 - POST /apiPc/task/create HTTP/1.1 200 43 - 161.729 ms
::1 - GET /apiPc/task/list HTTP/1.1 200 176 - 30.116 ms
::1 - GET /apiPc/task/list HTTP/1.1 200 1345 - 17.698 ms
